<component name="libraryTable">
  <library name="junit.jupiter" type="repository">
    <properties maven-id="org.junit.jupiter:junit-jupiter:5.9.0" />
    <CLASSES>
      <root url="jar://$MAVEN_REPOSITORY$/org/junit/jupiter/junit-jupiter/5.9.0/junit-jupiter-5.9.0.jar!/" />
      <root url="jar://$MAVEN_REPOSITORY$/org/junit/jupiter/junit-jupiter-api/5.9.0/junit-jupiter-api-5.9.0.jar!/" />
      <root url="jar://$MAVEN_REPOSITORY$/org/opentest4j/opentest4j/1.2.0/opentest4j-1.2.0.jar!/" />
      <root url="jar://$MAVEN_REPOSITORY$/org/junit/platform/junit-platform-commons/1.9.0/junit-platform-commons-1.9.0.jar!/" />
      <root url="jar://$MAVEN_REPOSITORY$/org/apiguardian/apiguardian-api/1.1.2/apiguardian-api-1.1.2.jar!/" />
      <root url="jar://$MAVEN_REPOSITORY$/org/junit/jupiter/junit-jupiter-params/5.9.0/junit-jupiter-params-5.9.0.jar!/" />
      <root url="jar://$MAVEN_REPOSITORY$/org/junit/jupiter/junit-jupiter-engine/5.9.0/junit-jupiter-engine-5.9.0.jar!/" />
      <root url="jar://$MAVEN_REPOSITORY$/org/junit/platform/junit-platform-engine/1.9.0/junit-platform-engine-1.9.0.jar!/" />
    </CLASSES>
    <JAVADOC />
    <SOURCES />
  </library>
</component>